[35m[Appium][39m Welcome to Appium v1.22.2
[35m[Appium][39m Non-default server args:
[35m[Appium][39m   port: 19790
[35m[Appium][39m   loglevel: info
[35m[Appium][39m   tmpDir: C:\Users\MAULAN~1\AppData\Local\Temp\\Katalon\Appium\Temp1640939970762
[35m[Appium][39m   chromedriverPort: 19791
[35m[Appium][39m Deprecated server args:
[35m[Appium][39m   [31m--chromedriver-port[39m => --default-capabilities
[35m[Appium][39m Default capabilities, which will be added to each request unless overridden by desired capabilities:
[35m[Appium][39m   chromedriverPort: 19791
[35m[Appium][39m Appium REST http interface listener started on 0.0.0.0:19790
[35m[HTTP][39m [37m-->[39m [37mGET[39m [37m/wd/hub/status[39m
[35m[HTTP][39m [90m{}[39m
[35m[HTTP][39m [37m<-- GET /wd/hub/status [39m[32m200[39m [90m9 ms - 68[39m
[35m[HTTP][39m [90m[39m
[35m[HTTP][39m [37m-->[39m [37mGET[39m [37m/wd/hub/status[39m
[35m[HTTP][39m [90m{}[39m
[35m[HTTP][39m [37m<-- GET /wd/hub/status [39m[32m200[39m [90m2 ms - 68[39m
[35m[HTTP][39m [90m[39m
[35m[HTTP][39m [37m-->[39m [37mPOST[39m [37m/wd/hub/session[39m
[35m[HTTP][39m [90m{"desiredCapabilities":{"app":"D:\\Users\\Maulana Yusuf\\kuliah\\MAGANG\\app.apk","noReset":true,"deviceName":"samsung SM-A520F (Android 8.0.0)","fullReset":false,"platform":"ANDROID","newCommandTimeout":1800,"platformVersion":"8.0.0","automationName":"uiautomator2","autoGrantPermissions":true,"platformName":"Android","udid":"52106cd2fc881463","systemPort":19797},"capabilities":{"firstMatch":[{"appium:app":"D:\\Users\\Maulana Yusuf\\kuliah\\MAGANG\\app.apk","appium:autoGrantPermissions":true,"appium:automationName":"uiautomator2","appium:deviceName":"samsung SM-A520F (Android 8.0.0)","appium:fullReset":false,"appium:newCommandTimeout":1800,"appium:noReset":true,"platform":"ANDROID","platformName":"android","appium:platformVersion":"8.0.0","appium:systemPort":19797,"appium:udid":"52106cd2fc881463"}]}}[39m
[35m[BaseDriver][39m The following capabilities are not standard capabilities and should have an extension prefix:
[35m[BaseDriver][39m   platform
[35m[BaseDriver][39m   chromedriverPort
[35m[Appium][39m Appium v1.22.2 creating new AndroidUiautomator2Driver (v1.70.1) session
[35m[BaseDriver][39m The following capabilities were provided, but are not recognized by Appium:
[35m[BaseDriver][39m   platform
[35m[BaseDriver][39m Session created with session id: 0461ae44-3ce0-4466-8937-bdfbe30ddd44
[35m[BaseDriver][39m Using local app 'D:\Users\Maulana Yusuf\kuliah\MAGANG\app.apk'
[35m[ADB][39m Found 4 'build-tools' folders under 'C:\Users\Maulana Yusuf\AppData\Local\Android\Sdk' (newest first):
[35m[ADB][39m     C:/Users/Maulana Yusuf/AppData/Local/Android/Sdk/build-tools/31.0.0
[35m[ADB][39m     C:/Users/Maulana Yusuf/AppData/Local/Android/Sdk/build-tools/30.0.2
[35m[ADB][39m     C:/Users/Maulana Yusuf/AppData/Local/Android/Sdk/build-tools/29.0.2
[35m[ADB][39m     C:/Users/Maulana Yusuf/AppData/Local/Android/Sdk/build-tools/28.0.3
[35m[ADB][39m Using 'adb.exe' from 'C:\Users\Maulana Yusuf\AppData\Local\Android\Sdk\platform-tools\adb.exe'
[35m[AndroidDriver][39m Retrieving device list
[35m[AndroidDriver][39m Using device: 52106cd2fc881463
[35m[ADB][39m Using 'adb.exe' from 'C:\Users\Maulana Yusuf\AppData\Local\Android\Sdk\platform-tools\adb.exe'
[35m[ADB][39m Package name: 'com.pijarbelajar'
[35m[ADB][39m Main activity name: 'com.pijarbelajar.MainActivity'
[35m[ADB][39m Using 'apksigner.jar' from 'C:\Users\Maulana Yusuf\AppData\Local\Android\Sdk\build-tools\31.0.0\lib\apksigner.jar'
[35m[ADB][39m 'C:\Users\Maulana Yusuf\AppData\Roaming\npm\node_modules\appium\node_modules\appium-uiautomator2-server\apks\appium-uiautomator2-server-v4.27.0.apk' is signed with the default certificate
[35m[ADB][39m 'C:\Users\Maulana Yusuf\AppData\Roaming\npm\node_modules\appium\node_modules\appium-uiautomator2-server\apks\appium-uiautomator2-server-debug-androidTest.apk' is signed with the default certificate
[35m[UiAutomator2][39m Server packages are not going to be (re)installed
[35m[ADB][39m Adding packages ["io.appium.settings","io.appium.uiautomator2.server","io.appium.uiautomator2.server.test"] to Doze whitelist
[35m[ADB][39m 'D:\Users\Maulana Yusuf\kuliah\MAGANG\app.apk' is signed with a non-default certificate
[35m[UiAutomator2][39m Starting UIAutomator2 server 4.27.0
[35m[UiAutomator2][39m Using UIAutomator2 server from 'C:\Users\Maulana Yusuf\AppData\Roaming\npm\node_modules\appium\node_modules\appium-uiautomator2-server\apks\appium-uiautomator2-server-v4.27.0.apk' and test from 'C:\Users\Maulana Yusuf\AppData\Roaming\npm\node_modules\appium\node_modules\appium-uiautomator2-server\apks\appium-uiautomator2-server-debug-androidTest.apk'
[35m[UiAutomator2][39m Waiting up to 30000ms for UiAutomator2 to be online...
[35m[WD Proxy][39m socket hang up
[35m[WD Proxy][39m socket hang up
[35m[WD Proxy][39m socket hang up
[35m[WD Proxy][39m socket hang up
[35m[WD Proxy][39m socket hang up
[35m[WD Proxy][39m Determined the downstream protocol as 'W3C'
[35m[AndroidDriver][39m Screen already unlocked, doing nothing
[35m[UiAutomator2][39m Starting 'com.pijarbelajar/com.pijarbelajar.MainActivity and waiting for 'com.pijarbelajar/com.pijarbelajar.MainActivity'
[35m[Appium][39m New AndroidUiautomator2Driver session created successfully, session 0461ae44-3ce0-4466-8937-bdfbe30ddd44 added to master session list
[35m[HTTP][39m [37m<-- POST /wd/hub/session [39m[32m200[39m [90m19725 ms - 1275[39m
[35m[HTTP][39m [90m[39m
[35m[HTTP][39m [37m-->[39m [37mGET[39m [37m/wd/hub/session/0461ae44-3ce0-4466-8937-bdfbe30ddd44[39m
[35m[HTTP][39m [90m{}[39m
[35m[HTTP][39m [37m<-- GET /wd/hub/session/0461ae44-3ce0-4466-8937-bdfbe30ddd44 [39m[32m200[39m [90m28 ms - 1229[39m
[35m[HTTP][39m [90m[39m
[35m[HTTP][39m [37m-->[39m [37mGET[39m [37m/wd/hub/session/0461ae44-3ce0-4466-8937-bdfbe30ddd44[39m
[35m[HTTP][39m [90m{}[39m
[35m[HTTP][39m [37m<-- GET /wd/hub/session/0461ae44-3ce0-4466-8937-bdfbe30ddd44 [39m[32m200[39m [90m23 ms - 1229[39m
[35m[HTTP][39m [90m[39m
[35m[HTTP][39m [37m-->[39m [37mGET[39m [37m/wd/hub/status[39m
[35m[HTTP][39m [90m{}[39m
[35m[HTTP][39m [37m<-- GET /wd/hub/status [39m[32m200[39m [90m1 ms - 68[39m
[35m[HTTP][39m [90m[39m
[35m[HTTP][39m [37m-->[39m [37mPOST[39m [37m/wd/hub/session/0461ae44-3ce0-4466-8937-bdfbe30ddd44/timeouts[39m
[35m[HTTP][39m [90m{"implicit":60000}[39m
[35m[HTTP][39m [37m<-- POST /wd/hub/session/0461ae44-3ce0-4466-8937-bdfbe30ddd44/timeouts [39m[32m200[39m [90m3 ms - 14[39m
[35m[HTTP][39m [90m[39m
[35m[HTTP][39m [37m-->[39m [37mGET[39m [37m/wd/hub/session/0461ae44-3ce0-4466-8937-bdfbe30ddd44/source[39m
[35m[HTTP][39m [90m{}[39m
[35m[W3C (0461ae44)][39m Driver proxy active, passing request on via HTTP proxy
[35m[WD Proxy][39m Replacing sessionId cae8ab68-6c1c-424b-b21c-5856455100c4 with 0461ae44-3ce0-4466-8937-bdfbe30ddd44
[35m[HTTP][39m [37m<-- GET /wd/hub/session/0461ae44-3ce0-4466-8937-bdfbe30ddd44/source [39m[32m200[39m [90m203 ms - 2748[39m
[35m[HTTP][39m [90m[39m
[35m[HTTP][39m [37m-->[39m [37mGET[39m [37m/wd/hub/session/0461ae44-3ce0-4466-8937-bdfbe30ddd44/screenshot[39m
[35m[HTTP][39m [90m{}[39m
[35m[HTTP][39m [37m<-- GET /wd/hub/session/0461ae44-3ce0-4466-8937-bdfbe30ddd44/screenshot [39m[32m200[39m [90m947 ms - 35446[39m
[35m[HTTP][39m [90m[39m
[35m[HTTP][39m [37m-->[39m [37mGET[39m [37m/wd/hub/session/0461ae44-3ce0-4466-8937-bdfbe30ddd44/source[39m
[35m[HTTP][39m [90m{}[39m
[35m[W3C (0461ae44)][39m Driver proxy active, passing request on via HTTP proxy
[35m[WD Proxy][39m Replacing sessionId cae8ab68-6c1c-424b-b21c-5856455100c4 with 0461ae44-3ce0-4466-8937-bdfbe30ddd44
[35m[HTTP][39m [37m<-- GET /wd/hub/session/0461ae44-3ce0-4466-8937-bdfbe30ddd44/source [39m[32m200[39m [90m763 ms - 19648[39m
[35m[HTTP][39m [90m[39m
[35m[HTTP][39m [37m-->[39m [37mGET[39m [37m/wd/hub/session/0461ae44-3ce0-4466-8937-bdfbe30ddd44/screenshot[39m
[35m[HTTP][39m [90m{}[39m
[35m[HTTP][39m [37m<-- GET /wd/hub/session/0461ae44-3ce0-4466-8937-bdfbe30ddd44/screenshot [39m[32m200[39m [90m1026 ms - 236916[39m
[35m[HTTP][39m [90m[39m
[35m[HTTP][39m [37m-->[39m [37mPOST[39m [37m/wd/hub/session/0461ae44-3ce0-4466-8937-bdfbe30ddd44/elements[39m
[35m[HTTP][39m [90m{"using":"xpath","value":"//*[@class = 'android.widget.EditText' and (@text = 'example@mail.com' or . = 'example@mail.com')]"}[39m
[35m[HTTP][39m [37m<-- POST /wd/hub/session/0461ae44-3ce0-4466-8937-bdfbe30ddd44/elements [39m[32m200[39m [90m1841 ms - 139[39m
[35m[HTTP][39m [90m[39m
[35m[HTTP][39m [37m-->[39m [37mGET[39m [37m/wd/hub/session/0461ae44-3ce0-4466-8937-bdfbe30ddd44/window/rect[39m
[35m[HTTP][39m [90m{}[39m
[35m[HTTP][39m [37m<-- GET /wd/hub/session/0461ae44-3ce0-4466-8937-bdfbe30ddd44/window/rect [39m[32m200[39m [90m35 ms - 50[39m
[35m[HTTP][39m [90m[39m
[35m[HTTP][39m [37m-->[39m [37mPOST[39m [37m/wd/hub/session/0461ae44-3ce0-4466-8937-bdfbe30ddd44/elements[39m
[35m[HTTP][39m [90m{"using":"xpath","value":"//*[@class = 'android.widget.EditText' and (@text = 'example@mail.com' or . = 'example@mail.com')]"}[39m
[35m[HTTP][39m [37m<-- POST /wd/hub/session/0461ae44-3ce0-4466-8937-bdfbe30ddd44/elements [39m[32m200[39m [90m636 ms - 139[39m
[35m[HTTP][39m [90m[39m
[35m[HTTP][39m [37m-->[39m [37mGET[39m [37m/wd/hub/session/0461ae44-3ce0-4466-8937-bdfbe30ddd44/element/00000000-0000-00a9-ffff-ffff0000004b/location[39m
[35m[HTTP][39m [90m{}[39m
[35m[W3C (0461ae44)][39m Driver proxy active, passing request on via HTTP proxy
[35m[WD Proxy][39m Replacing sessionId cae8ab68-6c1c-424b-b21c-5856455100c4 with 0461ae44-3ce0-4466-8937-bdfbe30ddd44
[35m[HTTP][39m [37m<-- GET /wd/hub/session/0461ae44-3ce0-4466-8937-bdfbe30ddd44/element/00000000-0000-00a9-ffff-ffff0000004b/location [39m[32m200[39m [90m44 ms - 77[39m
[35m[HTTP][39m [90m[39m
[35m[HTTP][39m [37m-->[39m [37mPOST[39m [37m/wd/hub/session/0461ae44-3ce0-4466-8937-bdfbe30ddd44/touch/perform[39m
[35m[HTTP][39m [90m{"actions":[{"action":"tap","options":{"x":1,"y":1,"element":"00000000-0000-00a9-ffff-ffff0000004b"}}]}[39m
[35m[UiAutomator2][39m calling get location: 00000000-0000-00a9-ffff-ffff0000004b
[35m[HTTP][39m [37m<-- POST /wd/hub/session/0461ae44-3ce0-4466-8937-bdfbe30ddd44/touch/perform [39m[32m200[39m [90m291 ms - 14[39m
[35m[HTTP][39m [90m[39m
[35m[HTTP][39m [37m-->[39m [37mGET[39m [37m/wd/hub/session/0461ae44-3ce0-4466-8937-bdfbe30ddd44/source[39m
[35m[HTTP][39m [90m{}[39m
[35m[W3C (0461ae44)][39m Driver proxy active, passing request on via HTTP proxy
[35m[WD Proxy][39m Replacing sessionId cae8ab68-6c1c-424b-b21c-5856455100c4 with 0461ae44-3ce0-4466-8937-bdfbe30ddd44
[35m[HTTP][39m [37m<-- GET /wd/hub/session/0461ae44-3ce0-4466-8937-bdfbe30ddd44/source [39m[32m200[39m [90m870 ms - 11839[39m
[35m[HTTP][39m [90m[39m
[35m[HTTP][39m [37m-->[39m [37mGET[39m [37m/wd/hub/session/0461ae44-3ce0-4466-8937-bdfbe30ddd44/screenshot[39m
[35m[HTTP][39m [90m{}[39m
[35m[HTTP][39m [37m<-- GET /wd/hub/session/0461ae44-3ce0-4466-8937-bdfbe30ddd44/screenshot [39m[32m200[39m [90m1071 ms - 252528[39m
[35m[HTTP][39m [90m[39m
[35m[HTTP][39m [37m-->[39m [37mPOST[39m [37m/wd/hub/session/0461ae44-3ce0-4466-8937-bdfbe30ddd44/elements[39m
[35m[HTTP][39m [90m{"using":"xpath","value":"//*[@class = 'android.widget.EditText' and (@text = 'example@mail.com' or . = 'example@mail.com')]"}[39m
[35m[HTTP][39m [37m<-- POST /wd/hub/session/0461ae44-3ce0-4466-8937-bdfbe30ddd44/elements [39m[32m200[39m [90m449 ms - 139[39m
[35m[HTTP][39m [90m[39m
[35m[HTTP][39m [37m-->[39m [37mGET[39m [37m/wd/hub/session/0461ae44-3ce0-4466-8937-bdfbe30ddd44/window/rect[39m
[35m[HTTP][39m [90m{}[39m
[35m[HTTP][39m [37m<-- GET /wd/hub/session/0461ae44-3ce0-4466-8937-bdfbe30ddd44/window/rect [39m[32m200[39m [90m35 ms - 50[39m
[35m[HTTP][39m [90m[39m
[35m[HTTP][39m [37m-->[39m [37mPOST[39m [37m/wd/hub/session/0461ae44-3ce0-4466-8937-bdfbe30ddd44/elements[39m
[35m[HTTP][39m [90m{"using":"xpath","value":"//*[@class = 'android.widget.EditText' and (@text = 'example@mail.com' or . = 'example@mail.com')]"}[39m
[35m[HTTP][39m [37m<-- POST /wd/hub/session/0461ae44-3ce0-4466-8937-bdfbe30ddd44/elements [39m[32m200[39m [90m398 ms - 139[39m
[35m[HTTP][39m [90m[39m
[35m[HTTP][39m [37m-->[39m [37mGET[39m [37m/wd/hub/session/0461ae44-3ce0-4466-8937-bdfbe30ddd44/element/00000000-0000-00a9-ffff-ffff0000004b/location[39m
[35m[HTTP][39m [90m{}[39m
[35m[W3C (0461ae44)][39m Driver proxy active, passing request on via HTTP proxy
[35m[WD Proxy][39m Replacing sessionId cae8ab68-6c1c-424b-b21c-5856455100c4 with 0461ae44-3ce0-4466-8937-bdfbe30ddd44
[35m[HTTP][39m [37m<-- GET /wd/hub/session/0461ae44-3ce0-4466-8937-bdfbe30ddd44/element/00000000-0000-00a9-ffff-ffff0000004b/location [39m[32m200[39m [90m45 ms - 77[39m
[35m[HTTP][39m [90m[39m
[35m[HTTP][39m [37m-->[39m [37mPOST[39m [37m/wd/hub/session/0461ae44-3ce0-4466-8937-bdfbe30ddd44/element/00000000-0000-00a9-ffff-ffff0000004b/clear[39m
[35m[HTTP][39m [90m{"id":"00000000-0000-00a9-ffff-ffff0000004b"}[39m
[35m[HTTP][39m [37m<-- POST /wd/hub/session/0461ae44-3ce0-4466-8937-bdfbe30ddd44/element/00000000-0000-00a9-ffff-ffff0000004b/clear [39m[32m200[39m [90m93 ms - 14[39m
[35m[HTTP][39m [90m[39m
[35m[HTTP][39m [37m-->[39m [37mPOST[39m [37m/wd/hub/session/0461ae44-3ce0-4466-8937-bdfbe30ddd44/element/00000000-0000-00a9-ffff-ffff0000004b/value[39m
[35m[HTTP][39m [90m{"id":"00000000-0000-00a9-ffff-ffff0000004b","text":"mangaku22@yopmail.com","value":["m","a","n","g","a","k","u","2","2","@","y","o","p","m","a","i","l",".","c","o","m"]}[39m
[35m[HTTP][39m [37m<-- POST /wd/hub/session/0461ae44-3ce0-4466-8937-bdfbe30ddd44/element/00000000-0000-00a9-ffff-ffff0000004b/value [39m[32m200[39m [90m1360 ms - 14[39m
[35m[HTTP][39m [90m[39m
[35m[HTTP][39m [37m-->[39m [37mGET[39m [37m/wd/hub/session/0461ae44-3ce0-4466-8937-bdfbe30ddd44/source[39m
[35m[HTTP][39m [90m{}[39m
[35m[W3C (0461ae44)][39m Driver proxy active, passing request on via HTTP proxy
[35m[WD Proxy][39m Replacing sessionId cae8ab68-6c1c-424b-b21c-5856455100c4 with 0461ae44-3ce0-4466-8937-bdfbe30ddd44
[35m[HTTP][39m [37m<-- GET /wd/hub/session/0461ae44-3ce0-4466-8937-bdfbe30ddd44/source [39m[32m200[39m [90m367 ms - 11844[39m
[35m[HTTP][39m [90m[39m
[35m[HTTP][39m [37m-->[39m [37mGET[39m [37m/wd/hub/session/0461ae44-3ce0-4466-8937-bdfbe30ddd44/screenshot[39m
[35m[HTTP][39m [90m{}[39m
[35m[HTTP][39m [37m<-- GET /wd/hub/session/0461ae44-3ce0-4466-8937-bdfbe30ddd44/screenshot [39m[32m200[39m [90m1066 ms - 254198[39m
[35m[HTTP][39m [90m[39m
[35m[HTTP][39m [37m-->[39m [37mGET[39m [37m/wd/hub/session/0461ae44-3ce0-4466-8937-bdfbe30ddd44/context[39m
[35m[HTTP][39m [90m{}[39m
[35m[HTTP][39m [37m<-- GET /wd/hub/session/0461ae44-3ce0-4466-8937-bdfbe30ddd44/context [39m[32m200[39m [90m1 ms - 22[39m
[35m[HTTP][39m [90m[39m
[35m[HTTP][39m [37m-->[39m [37mGET[39m [37m/wd/hub/session/0461ae44-3ce0-4466-8937-bdfbe30ddd44/contexts[39m
[35m[HTTP][39m [90m{}[39m
[35m[HTTP][39m [37m<-- GET /wd/hub/session/0461ae44-3ce0-4466-8937-bdfbe30ddd44/contexts [39m[32m200[39m [90m584 ms - 52[39m
[35m[HTTP][39m [90m[39m
[35m[HTTP][39m [37m-->[39m [37mPOST[39m [37m/wd/hub/session/0461ae44-3ce0-4466-8937-bdfbe30ddd44/context[39m
[35m[HTTP][39m [90m{"name":"NATIVE_APP"}[39m
[35m[HTTP][39m [37m<-- POST /wd/hub/session/0461ae44-3ce0-4466-8937-bdfbe30ddd44/context [39m[32m200[39m [90m2 ms - 14[39m
[35m[HTTP][39m [90m[39m
[35m[HTTP][39m [37m-->[39m [37mPOST[39m [37m/wd/hub/session/0461ae44-3ce0-4466-8937-bdfbe30ddd44/appium/device/hide_keyboard[39m
[35m[HTTP][39m [90m{}[39m
[35m[HTTP][39m [37m<-- POST /wd/hub/session/0461ae44-3ce0-4466-8937-bdfbe30ddd44/appium/device/hide_keyboard [39m[32m200[39m [90m1616 ms - 14[39m
[35m[HTTP][39m [90m[39m
[35m[HTTP][39m [37m-->[39m [37mPOST[39m [37m/wd/hub/session/0461ae44-3ce0-4466-8937-bdfbe30ddd44/context[39m
[35m[HTTP][39m [90m{"name":"NATIVE_APP"}[39m
[35m[HTTP][39m [37m<-- POST /wd/hub/session/0461ae44-3ce0-4466-8937-bdfbe30ddd44/context [39m[32m200[39m [90m2 ms - 14[39m
[35m[HTTP][39m [90m[39m
[35m[HTTP][39m [37m-->[39m [37mGET[39m [37m/wd/hub/session/0461ae44-3ce0-4466-8937-bdfbe30ddd44/source[39m
[35m[HTTP][39m [90m{}[39m
[35m[W3C (0461ae44)][39m Driver proxy active, passing request on via HTTP proxy
[35m[WD Proxy][39m Replacing sessionId cae8ab68-6c1c-424b-b21c-5856455100c4 with 0461ae44-3ce0-4466-8937-bdfbe30ddd44
[35m[HTTP][39m [37m<-- GET /wd/hub/session/0461ae44-3ce0-4466-8937-bdfbe30ddd44/source [39m[32m200[39m [90m390 ms - 19652[39m
[35m[HTTP][39m [90m[39m
[35m[HTTP][39m [37m-->[39m [37mGET[39m [37m/wd/hub/session/0461ae44-3ce0-4466-8937-bdfbe30ddd44/screenshot[39m
[35m[HTTP][39m [90m{}[39m
[35m[HTTP][39m [37m<-- GET /wd/hub/session/0461ae44-3ce0-4466-8937-bdfbe30ddd44/screenshot [39m[32m200[39m [90m1028 ms - 241394[39m
[35m[HTTP][39m [90m[39m
[35m[HTTP][39m [37m-->[39m [37mPOST[39m [37m/wd/hub/session/0461ae44-3ce0-4466-8937-bdfbe30ddd44/elements[39m
[35m[HTTP][39m [90m{"using":"xpath","value":"//*[@class = 'android.widget.EditText' and (@text = '' or . = '')]"}[39m
[35m[HTTP][39m [37m<-- POST /wd/hub/session/0461ae44-3ce0-4466-8937-bdfbe30ddd44/elements [39m[32m200[39m [90m496 ms - 267[39m
[35m[HTTP][39m [90m[39m
[35m[HTTP][39m [37m-->[39m [37mPOST[39m [37m/wd/hub/session/0461ae44-3ce0-4466-8937-bdfbe30ddd44/elements[39m
[35m[HTTP][39m [90m{"using":"-android uiautomator","value":"new UiSelector().className(\"android.widget.EditText\")"}[39m
[35m[HTTP][39m [37m<-- POST /wd/hub/session/0461ae44-3ce0-4466-8937-bdfbe30ddd44/elements [39m[32m200[39m [90m170 ms - 267[39m
[35m[HTTP][39m [90m[39m
[35m[HTTP][39m [37m-->[39m [37mGET[39m [37m/wd/hub/session/0461ae44-3ce0-4466-8937-bdfbe30ddd44/window/rect[39m
[35m[HTTP][39m [90m{}[39m
[35m[HTTP][39m [37m<-- GET /wd/hub/session/0461ae44-3ce0-4466-8937-bdfbe30ddd44/window/rect [39m[32m200[39m [90m25 ms - 50[39m
[35m[HTTP][39m [90m[39m
[35m[HTTP][39m [37m-->[39m [37mPOST[39m [37m/wd/hub/session/0461ae44-3ce0-4466-8937-bdfbe30ddd44/elements[39m
[35m[HTTP][39m [90m{"using":"xpath","value":"//hierarchy/android.widget.FrameLayout[1]/android.widget.LinearLayout[1]/android.widget.FrameLayout[1]/android.widget.LinearLayout[1]/android.widget.FrameLayout[1]/android.widget.FrameLayout[1]/android.view.ViewGroup[1]/android.view.ViewGroup[1]/android.view.ViewGroup[1]/android.view.ViewGroup[1]/android.widget.FrameLayout[1]/android.view.ViewGroup[1]/android.view.ViewGroup[1]/android.view.ViewGroup[1]/android.view.ViewGroup[1]/android.view.ViewGroup[1]/android.widget.ScrollView[1]/android.view.ViewGroup[1]/android.view.ViewGroup[1]/android.view.ViewGroup[1]/android.widget.EditText[1]"}[39m
[35m[HTTP][39m [37m<-- POST /wd/hub/session/0461ae44-3ce0-4466-8937-bdfbe30ddd44/elements [39m[32m200[39m [90m435 ms - 139[39m
[35m[HTTP][39m [90m[39m
[35m[HTTP][39m [37m-->[39m [37mGET[39m [37m/wd/hub/session/0461ae44-3ce0-4466-8937-bdfbe30ddd44/element/00000000-0000-00a9-ffff-ffff0000004d/location[39m
[35m[HTTP][39m [90m{}[39m
[35m[W3C (0461ae44)][39m Driver proxy active, passing request on via HTTP proxy
[35m[WD Proxy][39m Replacing sessionId cae8ab68-6c1c-424b-b21c-5856455100c4 with 0461ae44-3ce0-4466-8937-bdfbe30ddd44
[35m[HTTP][39m [37m<-- GET /wd/hub/session/0461ae44-3ce0-4466-8937-bdfbe30ddd44/element/00000000-0000-00a9-ffff-ffff0000004d/location [39m[32m200[39m [90m37 ms - 79[39m
[35m[HTTP][39m [90m[39m
[35m[HTTP][39m [37m-->[39m [37mPOST[39m [37m/wd/hub/session/0461ae44-3ce0-4466-8937-bdfbe30ddd44/touch/perform[39m
[35m[HTTP][39m [90m{"actions":[{"action":"tap","options":{"x":1,"y":1,"element":"00000000-0000-00a9-ffff-ffff0000004d"}}]}[39m
[35m[UiAutomator2][39m calling get location: 00000000-0000-00a9-ffff-ffff0000004d
[35m[HTTP][39m [37m<-- POST /wd/hub/session/0461ae44-3ce0-4466-8937-bdfbe30ddd44/touch/perform [39m[32m200[39m [90m228 ms - 14[39m
[35m[HTTP][39m [90m[39m
[35m[HTTP][39m [37m-->[39m [37mGET[39m [37m/wd/hub/session/0461ae44-3ce0-4466-8937-bdfbe30ddd44/source[39m
[35m[HTTP][39m [90m{}[39m
[35m[W3C (0461ae44)][39m Driver proxy active, passing request on via HTTP proxy
[35m[WD Proxy][39m Replacing sessionId cae8ab68-6c1c-424b-b21c-5856455100c4 with 0461ae44-3ce0-4466-8937-bdfbe30ddd44
[35m[HTTP][39m [37m<-- GET /wd/hub/session/0461ae44-3ce0-4466-8937-bdfbe30ddd44/source [39m[32m200[39m [90m851 ms - 12716[39m
[35m[HTTP][39m [90m[39m
[35m[HTTP][39m [37m-->[39m [37mGET[39m [37m/wd/hub/session/0461ae44-3ce0-4466-8937-bdfbe30ddd44/screenshot[39m
[35m[HTTP][39m [90m{}[39m
[35m[HTTP][39m [37m<-- GET /wd/hub/session/0461ae44-3ce0-4466-8937-bdfbe30ddd44/screenshot [39m[32m200[39m [90m1037 ms - 234592[39m
[35m[HTTP][39m [90m[39m
[35m[HTTP][39m [37m-->[39m [37mPOST[39m [37m/wd/hub/session/0461ae44-3ce0-4466-8937-bdfbe30ddd44/elements[39m
[35m[HTTP][39m [90m{"using":"xpath","value":"//*[@class = 'android.widget.EditText' and (@text = '' or . = '')]"}[39m
[35m[HTTP][39m [37m<-- POST /wd/hub/session/0461ae44-3ce0-4466-8937-bdfbe30ddd44/elements [39m[32m200[39m [90m347 ms - 267[39m
[35m[HTTP][39m [90m[39m
[35m[HTTP][39m [37m-->[39m [37mPOST[39m [37m/wd/hub/session/0461ae44-3ce0-4466-8937-bdfbe30ddd44/elements[39m
[35m[HTTP][39m [90m{"using":"-android uiautomator","value":"new UiSelector().className(\"android.widget.EditText\")"}[39m
[35m[HTTP][39m [37m<-- POST /wd/hub/session/0461ae44-3ce0-4466-8937-bdfbe30ddd44/elements [39m[32m200[39m [90m133 ms - 267[39m
[35m[HTTP][39m [90m[39m
[35m[HTTP][39m [37m-->[39m [37mGET[39m [37m/wd/hub/session/0461ae44-3ce0-4466-8937-bdfbe30ddd44/window/rect[39m
[35m[HTTP][39m [90m{}[39m
[35m[HTTP][39m [37m<-- GET /wd/hub/session/0461ae44-3ce0-4466-8937-bdfbe30ddd44/window/rect [39m[32m200[39m [90m53 ms - 50[39m
[35m[HTTP][39m [90m[39m
[35m[HTTP][39m [37m-->[39m [37mPOST[39m [37m/wd/hub/session/0461ae44-3ce0-4466-8937-bdfbe30ddd44/elements[39m
[35m[HTTP][39m [90m{"using":"xpath","value":"//hierarchy/android.widget.FrameLayout[1]/android.widget.LinearLayout[1]/android.widget.FrameLayout[1]/android.widget.LinearLayout[1]/android.widget.FrameLayout[1]/android.widget.FrameLayout[1]/android.view.ViewGroup[1]/android.view.ViewGroup[1]/android.view.ViewGroup[1]/android.view.ViewGroup[1]/android.widget.FrameLayout[1]/android.view.ViewGroup[1]/android.view.ViewGroup[1]/android.view.ViewGroup[1]/android.view.ViewGroup[1]/android.view.ViewGroup[1]/android.widget.ScrollView[1]/android.view.ViewGroup[1]/android.view.ViewGroup[1]/android.view.ViewGroup[1]/android.widget.EditText[1]"}[39m
[35m[HTTP][39m [37m<-- POST /wd/hub/session/0461ae44-3ce0-4466-8937-bdfbe30ddd44/elements [39m[32m200[39m [90m335 ms - 139[39m
[35m[HTTP][39m [90m[39m
[35m[HTTP][39m [37m-->[39m [37mGET[39m [37m/wd/hub/session/0461ae44-3ce0-4466-8937-bdfbe30ddd44/element/00000000-0000-00a9-ffff-ffff0000004d/location[39m
[35m[HTTP][39m [90m{}[39m
[35m[W3C (0461ae44)][39m Driver proxy active, passing request on via HTTP proxy
[35m[WD Proxy][39m Replacing sessionId cae8ab68-6c1c-424b-b21c-5856455100c4 with 0461ae44-3ce0-4466-8937-bdfbe30ddd44
[35m[HTTP][39m [37m<-- GET /wd/hub/session/0461ae44-3ce0-4466-8937-bdfbe30ddd44/element/00000000-0000-00a9-ffff-ffff0000004d/location [39m[32m200[39m [90m31 ms - 78[39m
[35m[HTTP][39m [90m[39m
[35m[HTTP][39m [37m-->[39m [37mPOST[39m [37m/wd/hub/session/0461ae44-3ce0-4466-8937-bdfbe30ddd44/element/00000000-0000-00a9-ffff-ffff0000004d/clear[39m
[35m[HTTP][39m [90m{"id":"00000000-0000-00a9-ffff-ffff0000004d"}[39m
[35m[HTTP][39m [37m<-- POST /wd/hub/session/0461ae44-3ce0-4466-8937-bdfbe30ddd44/element/00000000-0000-00a9-ffff-ffff0000004d/clear [39m[32m200[39m [90m54 ms - 14[39m
[35m[HTTP][39m [90m[39m
[35m[HTTP][39m [37m-->[39m [37mPOST[39m [37m/wd/hub/session/0461ae44-3ce0-4466-8937-bdfbe30ddd44/element/00000000-0000-00a9-ffff-ffff0000004d/value[39m
[35m[HTTP][39m [90m{"id":"00000000-0000-00a9-ffff-ffff0000004d","text":"yusuf123","value":["y","u","s","u","f","1","2","3"]}[39m
[35m[HTTP][39m [37m<-- POST /wd/hub/session/0461ae44-3ce0-4466-8937-bdfbe30ddd44/element/00000000-0000-00a9-ffff-ffff0000004d/value [39m[32m200[39m [90m716 ms - 14[39m
[35m[HTTP][39m [90m[39m
[35m[HTTP][39m [37m-->[39m [37mGET[39m [37m/wd/hub/session/0461ae44-3ce0-4466-8937-bdfbe30ddd44/source[39m
[35m[HTTP][39m [90m{}[39m
[35m[W3C (0461ae44)][39m Driver proxy active, passing request on via HTTP proxy
[35m[WD Proxy][39m Replacing sessionId cae8ab68-6c1c-424b-b21c-5856455100c4 with 0461ae44-3ce0-4466-8937-bdfbe30ddd44
[35m[HTTP][39m [37m<-- GET /wd/hub/session/0461ae44-3ce0-4466-8937-bdfbe30ddd44/source [39m[32m200[39m [90m298 ms - 12740[39m
[35m[HTTP][39m [90m[39m
[35m[HTTP][39m [37m-->[39m [37mGET[39m [37m/wd/hub/session/0461ae44-3ce0-4466-8937-bdfbe30ddd44/screenshot[39m
[35m[HTTP][39m [90m{}[39m
[35m[HTTP][39m [37m<-- GET /wd/hub/session/0461ae44-3ce0-4466-8937-bdfbe30ddd44/screenshot [39m[32m200[39m [90m1080 ms - 232790[39m
[35m[HTTP][39m [90m[39m
[35m[HTTP][39m [37m-->[39m [37mGET[39m [37m/wd/hub/session/0461ae44-3ce0-4466-8937-bdfbe30ddd44/context[39m
[35m[HTTP][39m [90m{}[39m
[35m[HTTP][39m [37m<-- GET /wd/hub/session/0461ae44-3ce0-4466-8937-bdfbe30ddd44/context [39m[32m200[39m [90m1 ms - 22[39m
[35m[HTTP][39m [90m[39m
[35m[HTTP][39m [37m-->[39m [37mGET[39m [37m/wd/hub/session/0461ae44-3ce0-4466-8937-bdfbe30ddd44/contexts[39m
[35m[HTTP][39m [90m{}[39m
[35m[HTTP][39m [37m<-- GET /wd/hub/session/0461ae44-3ce0-4466-8937-bdfbe30ddd44/contexts [39m[32m200[39m [90m457 ms - 52[39m
[35m[HTTP][39m [90m[39m
[35m[HTTP][39m [37m-->[39m [37mPOST[39m [37m/wd/hub/session/0461ae44-3ce0-4466-8937-bdfbe30ddd44/context[39m
[35m[HTTP][39m [90m{"name":"NATIVE_APP"}[39m
[35m[HTTP][39m [37m<-- POST /wd/hub/session/0461ae44-3ce0-4466-8937-bdfbe30ddd44/context [39m[32m200[39m [90m1 ms - 14[39m
[35m[HTTP][39m [90m[39m
[35m[HTTP][39m [37m-->[39m [37mPOST[39m [37m/wd/hub/session/0461ae44-3ce0-4466-8937-bdfbe30ddd44/appium/device/hide_keyboard[39m
[35m[HTTP][39m [90m{}[39m
[35m[HTTP][39m [37m<-- POST /wd/hub/session/0461ae44-3ce0-4466-8937-bdfbe30ddd44/appium/device/hide_keyboard [39m[32m200[39m [90m1812 ms - 14[39m
[35m[HTTP][39m [90m[39m
[35m[HTTP][39m [37m-->[39m [37mPOST[39m [37m/wd/hub/session/0461ae44-3ce0-4466-8937-bdfbe30ddd44/context[39m
[35m[HTTP][39m [90m{"name":"NATIVE_APP"}[39m
[35m[HTTP][39m [37m<-- POST /wd/hub/session/0461ae44-3ce0-4466-8937-bdfbe30ddd44/context [39m[32m200[39m [90m1 ms - 14[39m
[35m[HTTP][39m [90m[39m
[35m[HTTP][39m [37m-->[39m [37mGET[39m [37m/wd/hub/session/0461ae44-3ce0-4466-8937-bdfbe30ddd44/source[39m
[35m[HTTP][39m [90m{}[39m
[35m[W3C (0461ae44)][39m Driver proxy active, passing request on via HTTP proxy
[35m[WD Proxy][39m Replacing sessionId cae8ab68-6c1c-424b-b21c-5856455100c4 with 0461ae44-3ce0-4466-8937-bdfbe30ddd44
[35m[HTTP][39m [37m<-- GET /wd/hub/session/0461ae44-3ce0-4466-8937-bdfbe30ddd44/source [39m[32m200[39m [90m405 ms - 20975[39m
[35m[HTTP][39m [90m[39m
[35m[HTTP][39m [37m-->[39m [37mGET[39m [37m/wd/hub/session/0461ae44-3ce0-4466-8937-bdfbe30ddd44/screenshot[39m
[35m[HTTP][39m [90m{}[39m
[35m[HTTP][39m [37m<-- GET /wd/hub/session/0461ae44-3ce0-4466-8937-bdfbe30ddd44/screenshot [39m[32m200[39m [90m996 ms - 225068[39m
[35m[HTTP][39m [90m[39m
[35m[HTTP][39m [37m-->[39m [37mPOST[39m [37m/wd/hub/session/0461ae44-3ce0-4466-8937-bdfbe30ddd44/elements[39m
[35m[HTTP][39m [90m{"using":"xpath","value":"//*[@class = 'android.view.ViewGroup' and (@text = '' or . = '')]"}[39m
[35m[HTTP][39m [37m<-- POST /wd/hub/session/0461ae44-3ce0-4466-8937-bdfbe30ddd44/elements [39m[32m200[39m [90m488 ms - 2955[39m
[35m[HTTP][39m [90m[39m
[35m[HTTP][39m [37m-->[39m [37mPOST[39m [37m/wd/hub/session/0461ae44-3ce0-4466-8937-bdfbe30ddd44/elements[39m
[35m[HTTP][39m [90m{"using":"-android uiautomator","value":"new UiSelector().className(\"android.view.ViewGroup\")"}[39m
[35m[HTTP][39m [37m<-- POST /wd/hub/session/0461ae44-3ce0-4466-8937-bdfbe30ddd44/elements [39m[32m200[39m [90m706 ms - 2955[39m
[35m[HTTP][39m [90m[39m
[35m[HTTP][39m [37m-->[39m [37mGET[39m [37m/wd/hub/session/0461ae44-3ce0-4466-8937-bdfbe30ddd44/window/rect[39m
[35m[HTTP][39m [90m{}[39m
[35m[HTTP][39m [37m<-- GET /wd/hub/session/0461ae44-3ce0-4466-8937-bdfbe30ddd44/window/rect [39m[32m200[39m [90m22 ms - 50[39m
[35m[HTTP][39m [90m[39m
[35m[HTTP][39m [37m-->[39m [37mPOST[39m [37m/wd/hub/session/0461ae44-3ce0-4466-8937-bdfbe30ddd44/elements[39m
[35m[HTTP][39m [90m{"using":"xpath","value":"//hierarchy/android.widget.FrameLayout[1]/android.widget.LinearLayout[1]/android.widget.FrameLayout[1]/android.widget.LinearLayout[1]/android.widget.FrameLayout[1]/android.widget.FrameLayout[1]/android.view.ViewGroup[1]/android.view.ViewGroup[1]/android.view.ViewGroup[1]/android.view.ViewGroup[1]/android.widget.FrameLayout[1]/android.view.ViewGroup[1]/android.view.ViewGroup[1]/android.view.ViewGroup[1]/android.view.ViewGroup[1]/android.view.ViewGroup[1]/android.widget.ScrollView[1]/android.view.ViewGroup[1]/android.view.ViewGroup[1]/android.view.ViewGroup[4]"}[39m
[35m[HTTP][39m [37m<-- POST /wd/hub/session/0461ae44-3ce0-4466-8937-bdfbe30ddd44/elements [39m[32m200[39m [90m357 ms - 139[39m
[35m[HTTP][39m [90m[39m
[35m[HTTP][39m [37m-->[39m [37mGET[39m [37m/wd/hub/session/0461ae44-3ce0-4466-8937-bdfbe30ddd44/element/00000000-0000-00a9-ffff-ffff00000065/location[39m
[35m[HTTP][39m [90m{}[39m
[35m[W3C (0461ae44)][39m Driver proxy active, passing request on via HTTP proxy
[35m[WD Proxy][39m Replacing sessionId cae8ab68-6c1c-424b-b21c-5856455100c4 with 0461ae44-3ce0-4466-8937-bdfbe30ddd44
[35m[HTTP][39m [37m<-- GET /wd/hub/session/0461ae44-3ce0-4466-8937-bdfbe30ddd44/element/00000000-0000-00a9-ffff-ffff00000065/location [39m[32m200[39m [90m28 ms - 78[39m
[35m[HTTP][39m [90m[39m
[35m[HTTP][39m [37m-->[39m [37mPOST[39m [37m/wd/hub/session/0461ae44-3ce0-4466-8937-bdfbe30ddd44/touch/perform[39m
[35m[HTTP][39m [90m{"actions":[{"action":"tap","options":{"x":1,"y":1,"element":"00000000-0000-00a9-ffff-ffff00000065"}}]}[39m
[35m[UiAutomator2][39m calling get location: 00000000-0000-00a9-ffff-ffff00000065
[35m[HTTP][39m [37m<-- POST /wd/hub/session/0461ae44-3ce0-4466-8937-bdfbe30ddd44/touch/perform [39m[32m200[39m [90m193 ms - 14[39m
[35m[HTTP][39m [90m[39m
[35m[HTTP][39m [37m-->[39m [37mGET[39m [37m/wd/hub/session/0461ae44-3ce0-4466-8937-bdfbe30ddd44/source[39m
[35m[HTTP][39m [90m{}[39m
[35m[W3C (0461ae44)][39m Driver proxy active, passing request on via HTTP proxy
[35m[WD Proxy][39m Replacing sessionId cae8ab68-6c1c-424b-b21c-5856455100c4 with 0461ae44-3ce0-4466-8937-bdfbe30ddd44
[35m[HTTP][39m [37m<-- GET /wd/hub/session/0461ae44-3ce0-4466-8937-bdfbe30ddd44/source [39m[32m200[39m [90m325 ms - 20976[39m
[35m[HTTP][39m [90m[39m
[35m[HTTP][39m [37m-->[39m [37mGET[39m [37m/wd/hub/session/0461ae44-3ce0-4466-8937-bdfbe30ddd44/screenshot[39m
[35m[HTTP][39m [90m{}[39m
[35m[HTTP][39m [37m<-- GET /wd/hub/session/0461ae44-3ce0-4466-8937-bdfbe30ddd44/screenshot [39m[32m200[39m [90m1072 ms - 224648[39m
[35m[HTTP][39m [90m[39m
[35m[HTTP][39m [37m-->[39m [37mPOST[39m [37m/wd/hub/session/0461ae44-3ce0-4466-8937-bdfbe30ddd44/elements[39m
[35m[HTTP][39m [90m{"using":"xpath","value":"//*[@class = 'android.widget.TextView' and (@text = 'Lanjutkan' or . = 'Lanjutkan')]"}[39m
[35m[HTTP][39m [37m<-- POST /wd/hub/session/0461ae44-3ce0-4466-8937-bdfbe30ddd44/elements [39m[32m200[39m [90m423 ms - 139[39m
[35m[HTTP][39m [90m[39m
[35m[HTTP][39m [37m-->[39m [37mGET[39m [37m/wd/hub/session/0461ae44-3ce0-4466-8937-bdfbe30ddd44/window/rect[39m
[35m[HTTP][39m [90m{}[39m
[35m[HTTP][39m [37m<-- GET /wd/hub/session/0461ae44-3ce0-4466-8937-bdfbe30ddd44/window/rect [39m[32m200[39m [90m22 ms - 50[39m
[35m[HTTP][39m [90m[39m
[35m[HTTP][39m [37m-->[39m [37mPOST[39m [37m/wd/hub/session/0461ae44-3ce0-4466-8937-bdfbe30ddd44/elements[39m
[35m[HTTP][39m [90m{"using":"xpath","value":"//*[@class = 'android.widget.TextView' and (@text = 'Lanjutkan' or . = 'Lanjutkan')]"}[39m
[35m[HTTP][39m [37m<-- POST /wd/hub/session/0461ae44-3ce0-4466-8937-bdfbe30ddd44/elements [39m[32m200[39m [90m386 ms - 139[39m
[35m[HTTP][39m [90m[39m
[35m[HTTP][39m [37m-->[39m [37mGET[39m [37m/wd/hub/session/0461ae44-3ce0-4466-8937-bdfbe30ddd44/element/00000000-0000-00a9-ffff-ffff0000006f/location[39m
[35m[HTTP][39m [90m{}[39m
[35m[W3C (0461ae44)][39m Driver proxy active, passing request on via HTTP proxy
[35m[WD Proxy][39m Replacing sessionId cae8ab68-6c1c-424b-b21c-5856455100c4 with 0461ae44-3ce0-4466-8937-bdfbe30ddd44
[35m[HTTP][39m [37m<-- GET /wd/hub/session/0461ae44-3ce0-4466-8937-bdfbe30ddd44/element/00000000-0000-00a9-ffff-ffff0000006f/location [39m[32m200[39m [90m29 ms - 78[39m
[35m[HTTP][39m [90m[39m
[35m[HTTP][39m [37m-->[39m [37mPOST[39m [37m/wd/hub/session/0461ae44-3ce0-4466-8937-bdfbe30ddd44/touch/perform[39m
[35m[HTTP][39m [90m{"actions":[{"action":"tap","options":{"x":1,"y":1,"element":"00000000-0000-00a9-ffff-ffff0000006f"}}]}[39m
[35m[UiAutomator2][39m calling get location: 00000000-0000-00a9-ffff-ffff0000006f
[35m[HTTP][39m [37m<-- POST /wd/hub/session/0461ae44-3ce0-4466-8937-bdfbe30ddd44/touch/perform [39m[32m200[39m [90m204 ms - 14[39m
[35m[HTTP][39m [90m[39m
[35m[HTTP][39m [37m-->[39m [37mGET[39m [37m/wd/hub/session/0461ae44-3ce0-4466-8937-bdfbe30ddd44/source[39m
[35m[HTTP][39m [90m{}[39m
[35m[W3C (0461ae44)][39m Driver proxy active, passing request on via HTTP proxy
[35m[WD Proxy][39m Replacing sessionId cae8ab68-6c1c-424b-b21c-5856455100c4 with 0461ae44-3ce0-4466-8937-bdfbe30ddd44
[35m[HTTP][39m [37m<-- GET /wd/hub/session/0461ae44-3ce0-4466-8937-bdfbe30ddd44/source [39m[32m200[39m [90m357 ms - 20976[39m
[35m[HTTP][39m [90m[39m
[35m[HTTP][39m [37m-->[39m [37mGET[39m [37m/wd/hub/session/0461ae44-3ce0-4466-8937-bdfbe30ddd44/screenshot[39m
[35m[HTTP][39m [90m{}[39m
[35m[HTTP][39m [37m<-- GET /wd/hub/session/0461ae44-3ce0-4466-8937-bdfbe30ddd44/screenshot [39m[32m200[39m [90m1097 ms - 224666[39m
[35m[HTTP][39m [90m[39m
[35m[HTTP][39m [37m-->[39m [37mDELETE[39m [37m/wd/hub/session/0461ae44-3ce0-4466-8937-bdfbe30ddd44[39m
[35m[HTTP][39m [90m{}[39m
[35m[Appium][39m Removing session 0461ae44-3ce0-4466-8937-bdfbe30ddd44 from our master session list
[35m[HTTP][39m [37m<-- DELETE /wd/hub/session/0461ae44-3ce0-4466-8937-bdfbe30ddd44 [39m[32m200[39m [90m363 ms - 14[39m
[35m[HTTP][39m [90m[39m
